<?xml version="1.0" encoding="UTF-8"?>
<testng-results skipped="1" failed="0" total="1" passed="0">
  <reporter-output>
    <line>
      <![CDATA[Started executing the suite]]>
    </line>
    <line>
      <![CDATA[Started executing the test]]>
    </line>
    <line>
      <![CDATA[started executing the class]]>
    </line>
  </reporter-output>
  <suite name="Suite" duration-ms="2151" started-at="2017-07-14T06:13:13Z" finished-at="2017-07-14T06:13:16Z">
    <groups>
    </groups>
    <test name="Test" duration-ms="2151" started-at="2017-07-14T06:13:13Z" finished-at="2017-07-14T06:13:16Z">
      <class name="scripts.TC01_Login">
        <test-method status="PASS" signature="startOfSuite()[pri:0, instance:scripts.TC01_Login@cc285f4]" name="startOfSuite" is-config="true" duration-ms="11" started-at="2017-07-14T11:43:13Z" finished-at="2017-07-14T11:43:13Z">
          <reporter-output>
            <line>
              <![CDATA[Started executing the suite]]>
            </line>
          </reporter-output>
        </test-method> <!-- startOfSuite -->
        <test-method status="PASS" signature="startOfTest()[pri:0, instance:scripts.TC01_Login@cc285f4]" name="startOfTest" is-config="true" duration-ms="1" started-at="2017-07-14T11:43:13Z" finished-at="2017-07-14T11:43:13Z">
          <reporter-output>
            <line>
              <![CDATA[Started executing the test]]>
            </line>
          </reporter-output>
        </test-method> <!-- startOfTest -->
        <test-method status="PASS" signature="startOfClass()[pri:0, instance:scripts.TC01_Login@cc285f4]" name="startOfClass" is-config="true" duration-ms="1" started-at="2017-07-14T11:43:13Z" finished-at="2017-07-14T11:43:13Z">
          <reporter-output>
            <line>
              <![CDATA[started executing the class]]>
            </line>
          </reporter-output>
        </test-method> <!-- startOfClass -->
        <test-method status="FAIL" signature="precondition(java.lang.String, java.lang.String)[pri:0, instance:scripts.TC01_Login@cc285f4]" name="precondition" is-config="true" duration-ms="0" started-at="2017-07-14T11:43:15Z" finished-at="2017-07-14T11:43:15Z">
          <params>
            <param index="0">
              <value>
                <![CDATA[http://192.168.1.105/wd/hub]]>
              </value>
            </param>
            <param index="1">
              <value>
                <![CDATA[firefox]]>
              </value>
            </param>
          </params>
          <exception class="org.openqa.selenium.UnsupportedCommandException">
            <message>
              <![CDATA[<!DOCTYPE html>








<html>
<head>
    <title>The page you requested could not be found</title>
    <meta name="robots" content="noindex,nofollow"/>
    <META NAME="title" content="The page you requested could not be found">
</head>
<body bgColor="#ffffff">

<table bgcolor="#ffffff" cellspacing="0" cellpadding="0" width="100%" height="100%" border="0">
    <tr>
        <td height="100%" valign="center" align="center">
            <table width="500">
                <tr>
                    <td valign="middle">
                        <img src="/img/default/error_exclamation.gif?hash=1247701116" border="0" alt="">
                    </td>
                    <td style="padding-left: 20px;">
                        <div style="padding-top: 16px; font-size: 14pt; color: #ff0000; font-family: Arial, Helvetica, serif;">
                            <strong>
                                <nobr>The page you requested could not be found</nobr>
                            </strong>
                        </div>
                        <div style="padding-top: 15px; font-size: 12pt; color: #000000; font-family: Arial, Helvetica, serif;">
                            <strong>
                                It is possible that this page was deleted. Please contact your system administrator for more information.
                            </strong>
                        </div>
                    </td>
                </tr>
            </table>
        </td>
    </tr>
</table>
</body>
</html>
Command duration or timeout: 426 milliseconds
Build info: version: '2.53.1', revision: 'a36b8b1', time: '2016-06-30 17:37:03'
System info: host: 'user-PC', ip: '192.168.1.105', os.name: 'Windows 7', os.arch: 'amd64', os.version: '6.1', java.version: '1.8.0_60'
Driver info: org.openqa.selenium.remote.RemoteWebDriver]]>
            </message>
            <full-stacktrace>
              <![CDATA[org.openqa.selenium.UnsupportedCommandException: <!DOCTYPE html>








<html>
<head>
    <title>The page you requested could not be found</title>
    <meta name="robots" content="noindex,nofollow"/>
    <META NAME="title" content="The page you requested could not be found">
</head>
<body bgColor="#ffffff">

<table bgcolor="#ffffff" cellspacing="0" cellpadding="0" width="100%" height="100%" border="0">
    <tr>
        <td height="100%" valign="center" align="center">
            <table width="500">
                <tr>
                    <td valign="middle">
                        <img src="/img/default/error_exclamation.gif?hash=1247701116" border="0" alt="">
                    </td>
                    <td style="padding-left: 20px;">
                        <div style="padding-top: 16px; font-size: 14pt; color: #ff0000; font-family: Arial, Helvetica, serif;">
                            <strong>
                                <nobr>The page you requested could not be found</nobr>
                            </strong>
                        </div>
                        <div style="padding-top: 15px; font-size: 12pt; color: #000000; font-family: Arial, Helvetica, serif;">
                            <strong>
                                It is possible that this page was deleted. Please contact your system administrator for more information.
                            </strong>
                        </div>
                    </td>
                </tr>
            </table>
        </td>
    </tr>
</table>
</body>
</html>
Command duration or timeout: 426 milliseconds
Build info: version: '2.53.1', revision: 'a36b8b1', time: '2016-06-30 17:37:03'
System info: host: 'user-PC', ip: '192.168.1.105', os.name: 'Windows 7', os.arch: 'amd64', os.version: '6.1', java.version: '1.8.0_60'
Driver info: org.openqa.selenium.remote.RemoteWebDriver
	at sun.reflect.NativeConstructorAccessorImpl.newInstance0(Native Method)
	at sun.reflect.NativeConstructorAccessorImpl.newInstance(NativeConstructorAccessorImpl.java:62)
	at sun.reflect.DelegatingConstructorAccessorImpl.newInstance(DelegatingConstructorAccessorImpl.java:45)
	at java.lang.reflect.Constructor.newInstance(Constructor.java:422)
	at org.openqa.selenium.remote.ErrorHandler.createThrowable(ErrorHandler.java:206)
	at org.openqa.selenium.remote.ErrorHandler.throwIfResponseFailed(ErrorHandler.java:158)
	at org.openqa.selenium.remote.RemoteWebDriver.execute(RemoteWebDriver.java:678)
	at org.openqa.selenium.remote.RemoteWebDriver.startSession(RemoteWebDriver.java:249)
	at org.openqa.selenium.remote.RemoteWebDriver.<init>(RemoteWebDriver.java:131)
	at org.openqa.selenium.remote.RemoteWebDriver.<init>(RemoteWebDriver.java:158)
	at scripts.BaseTest.precondition(BaseTest.java:82)
	at sun.reflect.NativeMethodAccessorImpl.invoke0(Native Method)
	at sun.reflect.NativeMethodAccessorImpl.invoke(NativeMethodAccessorImpl.java:62)
	at sun.reflect.DelegatingMethodAccessorImpl.invoke(DelegatingMethodAccessorImpl.java:43)
	at java.lang.reflect.Method.invoke(Method.java:497)
	at org.testng.internal.MethodInvocationHelper.invokeMethod(MethodInvocationHelper.java:100)
	at org.testng.internal.Invoker.invokeConfigurationMethod(Invoker.java:515)
	at org.testng.internal.Invoker.invokeConfigurations(Invoker.java:216)
	at org.testng.internal.Invoker.invokeMethod(Invoker.java:590)
	at org.testng.internal.Invoker.invokeTestMethod(Invoker.java:811)
	at org.testng.internal.Invoker.invokeTestMethods(Invoker.java:1137)
	at org.testng.internal.TestMethodWorker.invokeTestMethods(TestMethodWorker.java:129)
	at org.testng.internal.TestMethodWorker.run(TestMethodWorker.java:112)
	at org.testng.TestRunner.privateRun(TestRunner.java:753)
	at org.testng.TestRunner.run(TestRunner.java:607)
	at org.testng.SuiteRunner.runTest(SuiteRunner.java:368)
	at org.testng.SuiteRunner.runSequentially(SuiteRunner.java:363)
	at org.testng.SuiteRunner.privateRun(SuiteRunner.java:321)
	at org.testng.SuiteRunner.run(SuiteRunner.java:270)
	at org.testng.SuiteRunnerWorker.runSuite(SuiteRunnerWorker.java:52)
	at org.testng.SuiteRunnerWorker.run(SuiteRunnerWorker.java:86)
	at org.testng.TestNG.runSuitesSequentially(TestNG.java:1284)
	at org.testng.TestNG.runSuitesLocally(TestNG.java:1209)
	at org.testng.TestNG.runSuites(TestNG.java:1124)
	at org.testng.TestNG.run(TestNG.java:1096)
	at org.testng.remote.AbstractRemoteTestNG.run(AbstractRemoteTestNG.java:132)
	at org.testng.remote.RemoteTestNG.initAndRun(RemoteTestNG.java:236)
	at org.testng.remote.RemoteTestNG.main(RemoteTestNG.java:81)
]]>
            </full-stacktrace>
          </exception> <!-- org.openqa.selenium.UnsupportedCommandException -->
          <reporter-output>
          </reporter-output>
        </test-method> <!-- precondition -->
        <test-method status="SKIP" signature="testValidLogin(java.lang.String, java.lang.String)[pri:0, instance:scripts.TC01_Login@cc285f4]" name="testValidLogin" duration-ms="2" started-at="2017-07-14T11:43:16Z" data-provider="cusLogin" finished-at="2017-07-14T11:43:16Z">
          <params>
            <param index="0">
              <value>
                <![CDATA[fasiulla.d]]>
              </value>
            </param>
            <param index="1">
              <value>
                <![CDATA[CDE#4rfv]]>
              </value>
            </param>
          </params>
          <reporter-output>
          </reporter-output>
        </test-method> <!-- testValidLogin -->
        <test-method status="SKIP" signature="postcondition()[pri:0, instance:scripts.TC01_Login@cc285f4]" name="postcondition" is-config="true" duration-ms="0" started-at="2017-07-14T11:43:16Z" finished-at="2017-07-14T11:43:16Z">
          <reporter-output>
          </reporter-output>
        </test-method> <!-- postcondition -->
        <test-method status="SKIP" signature="endOfClass()[pri:0, instance:scripts.TC01_Login@cc285f4]" name="endOfClass" is-config="true" duration-ms="0" started-at="2017-07-14T11:43:16Z" finished-at="2017-07-14T11:43:16Z">
          <reporter-output>
          </reporter-output>
        </test-method> <!-- endOfClass -->
        <test-method status="SKIP" signature="endOfTest()[pri:0, instance:scripts.TC01_Login@cc285f4]" name="endOfTest" is-config="true" duration-ms="0" started-at="2017-07-14T11:43:16Z" finished-at="2017-07-14T11:43:16Z">
          <reporter-output>
          </reporter-output>
        </test-method> <!-- endOfTest -->
        <test-method status="SKIP" signature="endOfSuite()[pri:0, instance:scripts.TC01_Login@cc285f4]" name="endOfSuite" is-config="true" duration-ms="0" started-at="2017-07-14T11:43:16Z" finished-at="2017-07-14T11:43:16Z">
          <reporter-output>
          </reporter-output>
        </test-method> <!-- endOfSuite -->
      </class> <!-- scripts.TC01_Login -->
    </test> <!-- Test -->
  </suite> <!-- Suite -->
</testng-results>
